<?xml version="1.0" encoding="UTF-8"?>
<testsuite xmlns:xsi="http://www.w3.org/2001/XMLSchema-instance" xsi:noNamespaceSchemaLocation="https://maven.apache.org/surefire/maven-surefire-plugin/xsd/surefire-test-report-3.0.xsd" version="3.0" name="com.demoqa.tests.interactions.DragAndDropTests" time="5.123" tests="1" errors="0" skipped="0" failures="0">
  <properties>
[...]
</properties>
  <testcase name="dragMeTest" classname="com.demoqa.tests.interactions.DragAndDropTests" time="5.121">
    <system-out><![CDATA[19:54:25.376 [main] INFO  i.g.bonigarcia.wdm.WebDriverManager -- Using chromedriver 139.0.7258.154 (resolved driver for Chrome 139)
19:54:25.392 [main] INFO  i.g.bonigarcia.wdm.WebDriverManager -- Exporting webdriver.chrome.driver as C:\Users\paxpi\.cache\selenium\chromedriver\win64\139.0.7258.154\chromedriver.exe
19:54:25.403 [main] INFO  i.g.bonigarcia.wdm.WebDriverManager -- Using geckodriver 0.36.0 (resolved driver for Firefox 142)
19:54:25.417 [main] INFO  i.g.bonigarcia.wdm.WebDriverManager -- Exporting webdriver.gecko.driver as C:\Users\paxpi\.cache\selenium\geckodriver\win64\0.36.0\geckodriver.exe
19:54:25.423 [main] WARN  i.g.b.w.managers.SafariDriverManager -- There is no need to manage the driver for the Safari browser (i.e., safaridriver) since it is built-in in Mac OS
19:54:25.432 [main] INFO  i.g.bonigarcia.wdm.WebDriverManager -- Using msedgedriver 139.0.3405.119 (resolved driver for Edge 139)
19:54:25.447 [main] INFO  i.g.bonigarcia.wdm.WebDriverManager -- Exporting webdriver.edge.driver as C:\Users\paxpi\.cache\selenium\msedgedriver\win64\139.0.3405.119\msedgedriver.exe
19:54:26.220 [main] INFO  com.demoqa.utils.MyListener -- We will open web site https://demoqa.com
19:54:28.186 [main] INFO  com.demoqa.core.TestBase -- Start test dragMeTest()
19:54:28.545 [main] INFO  com.demoqa.utils.MyListener -- We clicked on [[ChromeDriver: chrome on windows (51c2d60abede0b851df7ccdca819a5e4)] -> css selector: .card:nth-child(5)]
19:54:28.670 [main] INFO  com.demoqa.utils.MyListener -- We clicked on [[ChromeDriver: chrome on windows (51c2d60abede0b851df7ccdca819a5e4)] -> xpath: //span[.='Droppable']]
19:54:30.080 [main] INFO  com.demoqa.utils.MyListener -- [org.openqa.selenium.interactions.Sequence@1320e68a]
19:54:30.212 [main] INFO  com.demoqa.utils.MyListener -- Dropped!
19:54:30.480 [main] INFO  com.demoqa.core.TestBase -- Stop test
19:54:30.481 [main] INFO  com.demoqa.core.TestBase -- ****************************************
19:54:30.482 [main] INFO  com.demoqa.utils.MyTestWatcher -- The method dragMeTest() is PASSED
]]></system-out>
  </testcase>
</testsuite>