<?xml version="1.0" encoding="UTF-8"?>
<testsuite xmlns:xsi="http://www.w3.org/2001/XMLSchema-instance" xsi:noNamespaceSchemaLocation="https://maven.apache.org/surefire/maven-surefire-plugin/xsd/surefire-test-report-3.0.xsd" version="3.0" name="com.demoqa.tests.AlertsFrameWindowsTests" time="2.659" tests="1" errors="0" skipped="0" failures="0">
  <properties>
[...]
</properties>
  <testcase name="selectResultTest" classname="com.demoqa.tests.AlertsFrameWindowsTests" time="2.658">
    <system-out><![CDATA[09:40:03.473 [main] INFO  i.g.bonigarcia.wdm.WebDriverManager -- Using chromedriver 139.0.7258.154 (resolved driver for Chrome 139)
09:40:03.476 [main] INFO  i.g.bonigarcia.wdm.WebDriverManager -- Exporting webdriver.chrome.driver as /Users/baker/.cache/selenium/chromedriver/mac-arm64/139.0.7258.154/chromedriver
09:40:03.481 [main] INFO  i.g.bonigarcia.wdm.WebDriverManager -- Using geckodriver 0.36.0 (resolved driver for Firefox 141)
09:40:03.484 [main] INFO  i.g.bonigarcia.wdm.WebDriverManager -- Exporting webdriver.gecko.driver as /Users/baker/.cache/selenium/geckodriver/mac-arm64/0.36.0/geckodriver
09:40:03.486 [main] WARN  i.g.b.w.managers.SafariDriverManager -- There is no need to manage the driver for the Safari browser (i.e., safaridriver) since it is built-in in Mac OS
09:40:04.306 [main] INFO  com.demoqa.utils.MyListener -- We will open web site https://demoqa.com
09:40:05.613 [main] INFO  com.demoqa.core.TestBase -- Start test selectResultTest()
09:40:05.794 [main] INFO  com.demoqa.utils.MyListener -- We clicked on [[ChromeDriver: chrome on mac (8cae9900a3d0ca76c8bab272fe10adb5)] -> css selector: .card:nth-child(3)]
09:40:05.902 [main] INFO  com.demoqa.utils.MyListener -- We clicked on [[ChromeDriver: chrome on mac (8cae9900a3d0ca76c8bab272fe10adb5)] -> xpath: //span[.='Alerts']]
09:40:05.987 [main] INFO  com.demoqa.utils.MyListener -- We clicked on [[ChromeDriver: chrome on mac (8cae9900a3d0ca76c8bab272fe10adb5)] -> id: confirmButton]
09:40:06.030 [main] INFO  com.demoqa.utils.MyListener -- You selected Ok
09:40:06.126 [main] INFO  com.demoqa.core.TestBase -- Stop test
09:40:06.126 [main] INFO  com.demoqa.core.TestBase -- ****************************************
09:40:06.127 [main] INFO  com.demoqa.utils.MyTestWatcher -- The method selectResultTest() is PASSED
]]></system-out>
  </testcase>
</testsuite>